<?xml version="1.0" encoding="UTF-8"?>
<testsuite xmlns:xsi="http://www.w3.org/2001/XMLSchema-instance" xsi:noNamespaceSchemaLocation="https://maven.apache.org/surefire/maven-surefire-plugin/xsd/surefire-test-report-3.0.xsd" version="3.0" name="cucumberOptions.TestNGRunner" time="0.828" tests="8" errors="0" skipped="0" failures="1">
  <properties>
[...]
</properties>
  <testcase name="runScenario[&quot;User Page default login 2&quot;, &quot;Application Login&quot;](1)" classname="cucumberOptions.TestNGRunner" time="0.055">
    <system-out><![CDATA[
@RegressionTest
Scenario: User Page default login 2                                              # src/test/java/features/firstProgram.feature:23
******************************
Completed setup, entries are ready
  Given setup the entries in database                                            # stepDefinitions.mainSteps.setup_the_entries_in_database()
Browser has been launched from config vars
  When launch the browser from config variables                                  # stepDefinitions.mainSteps.launch_browser()
Home page has been reached
  And hit the home page url of banking site                                      # stepDefinitions.mainSteps.hit_url()
User landed on netbanking page
  Given User is on NetBanking page                                               # stepDefinitions.mainSteps.getLandingPage()
User name is "user222" and password is 110953
  When User log in to application with "user222" and password 110953 combination # stepDefinitions.mainSteps.user_log_in_to_application_with_and_password_combination(java.lang.String,java.lang.String)
Home page is displayed
  Then Home Page is displayed                                                    # stepDefinitions.mainSteps.home_page_is_displayed()
Cards are displayed
  And Cards are displayed                                                        # stepDefinitions.mainSteps.cards_are_displayed()
Clear the entries
]]></system-out>
    <system-err><![CDATA[SLF4J: Failed to load class "org.slf4j.impl.StaticLoggerBinder".
SLF4J: Defaulting to no-operation (NOP) logger implementation
SLF4J: See http://www.slf4j.org/codes.html#StaticLoggerBinder for further details.
]]></system-err>
  </testcase>
  <testcase name="runScenario[&quot;User Page default login 3&quot;, &quot;Application Login&quot;](2)" classname="cucumberOptions.TestNGRunner" time="0.006">
    <system-out><![CDATA[
@MobileTest
Scenario: User Page default login 3                                          # src/test/java/features/firstProgram.feature:30
******************************
Completed setup, entries are ready
  Given setup the entries in database                                        # stepDefinitions.mainSteps.setup_the_entries_in_database()
Browser has been launched from config vars
  When launch the browser from config variables                              # stepDefinitions.mainSteps.launch_browser()
Home page has been reached
  And hit the home page url of banking site                                  # stepDefinitions.mainSteps.hit_url()
User landed on netbanking page
  Given User is on NetBanking page                                           # stepDefinitions.mainSteps.getLandingPage()
User name is jimbo and password is 110953
  When User log in to application with jimbo and password 110953 combination # stepDefinitions.mainSteps.user_log_in_to_application_with_and_password_combination(java.lang.String,java.lang.String)
Home page is displayed
  Then Home Page is displayed                                                # stepDefinitions.mainSteps.home_page_is_displayed()
Cards are displayed
  And Cards are displayed                                                    # stepDefinitions.mainSteps.cards_are_displayed()
Clear the entries
]]></system-out>
  </testcase>
  <testcase name="runScenario[&quot;User Page default login&quot;, &quot;Application Login&quot;](3)" classname="cucumberOptions.TestNGRunner" time="0.006">
    <system-out><![CDATA[
@SmokeTest @RegressionTest
Scenario Outline: User Page default login                                           # src/test/java/features/firstProgram.feature:45
******************************
Completed setup, entries are ready
  Given setup the entries in database                                               # stepDefinitions.mainSteps.setup_the_entries_in_database()
Browser has been launched from config vars
  When launch the browser from config variables                                     # stepDefinitions.mainSteps.launch_browser()
Home page has been reached
  And hit the home page url of banking site                                         # stepDefinitions.mainSteps.hit_url()
User landed on netbanking page
  Given User is on NetBanking page                                                  # stepDefinitions.mainSteps.getLandingPage()
User name is debitUser and password is "hello12"
  When User log in to application with debitUser and password "hello12" combination # stepDefinitions.mainSteps.user_log_in_to_application_with_and_password_combination(java.lang.String,java.lang.String)
Home page is displayed
  Then Home Page is displayed                                                       # stepDefinitions.mainSteps.home_page_is_displayed()
Cards are displayed
  And Cards are displayed                                                           # stepDefinitions.mainSteps.cards_are_displayed()
Clear the entries
]]></system-out>
  </testcase>
  <testcase name="runScenario[&quot;User Page default login&quot;, &quot;Application Login&quot;](4)" classname="cucumberOptions.TestNGRunner" time="0.005">
    <system-out><![CDATA[
@SmokeTest @RegressionTest
Scenario Outline: User Page default login                                           # src/test/java/features/firstProgram.feature:46
******************************
Completed setup, entries are ready
  Given setup the entries in database                                               # stepDefinitions.mainSteps.setup_the_entries_in_database()
Browser has been launched from config vars
  When launch the browser from config variables                                     # stepDefinitions.mainSteps.launch_browser()
Home page has been reached
  And hit the home page url of banking site                                         # stepDefinitions.mainSteps.hit_url()
User landed on netbanking page
  Given User is on NetBanking page                                                  # stepDefinitions.mainSteps.getLandingPage()
User name is creditUser and password is "lpo213"
  When User log in to application with creditUser and password "lpo213" combination # stepDefinitions.mainSteps.user_log_in_to_application_with_and_password_combination(java.lang.String,java.lang.String)
Home page is displayed
  Then Home Page is displayed                                                       # stepDefinitions.mainSteps.home_page_is_displayed()
Cards are displayed
  And Cards are displayed                                                           # stepDefinitions.mainSteps.cards_are_displayed()
Clear the entries
]]></system-out>
  </testcase>
  <testcase name="runScenario[&quot;User Page default Sign up&quot;, &quot;Application Login&quot;](5)" classname="cucumberOptions.TestNGRunner" time="0.023">
    <failure message="expected [true] but found [false]" type="java.lang.AssertionError"><![CDATA[java.lang.AssertionError: expected [true] but found [false]
	at org.testng.Assert.fail(Assert.java:111)
	at org.testng.Assert.failNotEquals(Assert.java:1578)
	at org.testng.Assert.assertTrue(Assert.java:57)
	at org.testng.Assert.assertTrue(Assert.java:67)
	at stepDefinitions.mainSteps.user_is_on_practice_landing_page(mainSteps.java:57)
	at ✽.User is on Practice Landing page(file:///C:/Users/twinc/eclipse-workspace/Automation/src/test/java/features/firstProgram.feature:51)
]]></failure>
    <system-out><![CDATA[
@SmokeTest
Scenario: User Page default Sign up             # src/test/java/features/firstProgram.feature:50
******************************
Completed setup, entries are ready
  Given setup the entries in database           # stepDefinitions.mainSteps.setup_the_entries_in_database()
Browser has been launched from config vars
  When launch the browser from config variables # stepDefinitions.mainSteps.launch_browser()
Home page has been reached
  And hit the home page url of banking site     # stepDefinitions.mainSteps.hit_url()
User name is on practice landing page
  Given User is on Practice Landing page        # stepDefinitions.mainSteps.user_is_on_practice_landing_page()
      java.lang.AssertionError: expected [true] but found [false]
      	at org.testng.Assert.fail(Assert.java:111)
      	at org.testng.Assert.failNotEquals(Assert.java:1578)
      	at org.testng.Assert.assertTrue(Assert.java:57)
      	at org.testng.Assert.assertTrue(Assert.java:67)
      	at stepDefinitions.mainSteps.user_is_on_practice_landing_page(mainSteps.java:57)
      	at ✽.User is on Practice Landing page(file:///C:/Users/twinc/eclipse-workspace/Automation/src/test/java/features/firstProgram.feature:51)
  When User Signup into application             # stepDefinitions.mainSteps.user_signup_into_application(java.util.List<java.lang.String>)
    | rahul             |
    | shetty            |
    | contact@email.com |
    | 123435123         |
  Then Home Page is displayed                   # stepDefinitions.mainSteps.home_page_is_displayed()
  And Cards are displayed                       # stepDefinitions.mainSteps.cards_are_displayed()
Clear the entries
]]></system-out>
  </testcase>
  <testcase name="runScenario[&quot;User Page default login 3&quot;, &quot;Application Login&quot;](6)" classname="cucumberOptions.TestNGRunner" time="0.004">
    <system-out><![CDATA[
@MobileTest @NetBanking
Scenario: User Page default login 3                                                # src/test/java/features/secondProgram.feature:6
********************************
setup the entries in Netbanking database
User landed on netbanking page
  Given User is on NetBanking page                                                 # stepDefinitions.mainSteps.getLandingPage()
User name is jimbo111 and password is 110953111
  When User log in to application with jimbo111 and password 110953111 combination # stepDefinitions.mainSteps.user_log_in_to_application_with_and_password_combination(java.lang.String,java.lang.String)
Home page is displayed
  Then Home Page is displayed                                                      # stepDefinitions.mainSteps.home_page_is_displayed()
Cards are displayed
  And Cards are displayed                                                          # stepDefinitions.mainSteps.cards_are_displayed()
Clear the entries
]]></system-out>
  </testcase>
  <testcase name="runScenario[&quot;User Page default login&quot;, &quot;Application Login&quot;](7)" classname="cucumberOptions.TestNGRunner" time="0.005">
    <system-out><![CDATA[
@SmokeTest @RegressionTest @Mortgage
Scenario Outline: User Page default login                                               # src/test/java/features/secondProgram.feature:21
********************************
setup the entries in Mortgage database
User landed on netbanking page
  Given User is on NetBanking page                                                      # stepDefinitions.mainSteps.getLandingPage()
User name is debitUser22 and password is "hello1222"
  When User log in to application with debitUser22 and password "hello1222" combination # stepDefinitions.mainSteps.user_log_in_to_application_with_and_password_combination(java.lang.String,java.lang.String)
Home page is displayed
  Then Home Page is displayed                                                           # stepDefinitions.mainSteps.home_page_is_displayed()
Cards are displayed
  And Cards are displayed                                                               # stepDefinitions.mainSteps.cards_are_displayed()
Clear the entries
]]></system-out>
  </testcase>
  <testcase name="runScenario[&quot;User Page default login&quot;, &quot;Application Login&quot;](8)" classname="cucumberOptions.TestNGRunner" time="0.005">
    <system-out><![CDATA[
@SmokeTest @RegressionTest @Mortgage
Scenario Outline: User Page default login                                               # src/test/java/features/secondProgram.feature:22
********************************
setup the entries in Mortgage database
User landed on netbanking page
  Given User is on NetBanking page                                                      # stepDefinitions.mainSteps.getLandingPage()
User name is creditUser22 and password is "lpo21223"
  When User log in to application with creditUser22 and password "lpo21223" combination # stepDefinitions.mainSteps.user_log_in_to_application_with_and_password_combination(java.lang.String,java.lang.String)
Home page is displayed
  Then Home Page is displayed                                                           # stepDefinitions.mainSteps.home_page_is_displayed()
Cards are displayed
  And Cards are displayed                                                               # stepDefinitions.mainSteps.cards_are_displayed()
Clear the entries
]]></system-out>
  </testcase>
</testsuite>